time="2021-02-24 12:31:34" level=error Agent="Mozilla/5.0 (Windows NT 10.0; Win64; x64) AppleWebKit/537.36 (KHTML, like Gecko) Chrome/88.0.4324.182 Safari/537.36" DataSize=0 HostName=yu0u Ip="::1" Method=GET Path=/ SpendTime="14 ms" status=500
time="2021-02-24 12:31:35" level=error Agent="Mozilla/5.0 (Windows NT 10.0; Win64; x64) AppleWebKit/537.36 (KHTML, like Gecko) Chrome/88.0.4324.182 Safari/537.36" DataSize=0 HostName=yu0u Ip="::1" Method=GET Path=/ SpendTime="3 ms" status=500
time="2021-02-24 12:31:36" level=error Agent="Mozilla/5.0 (Windows NT 10.0; Win64; x64) AppleWebKit/537.36 (KHTML, like Gecko) Chrome/88.0.4324.182 Safari/537.36" DataSize=0 HostName=yu0u Ip="::1" Method=GET Path=/ SpendTime="1 ms" status=500
time="2021-02-24 12:31:37" level=error Agent="Mozilla/5.0 (Windows NT 10.0; Win64; x64) AppleWebKit/537.36 (KHTML, like Gecko) Chrome/88.0.4324.182 Safari/537.36" DataSize=0 HostName=yu0u Ip="::1" Method=GET Path=/ SpendTime="1 ms" status=500
time="2021-02-24 12:32:02" level=error Agent="Mozilla/5.0 (Windows NT 10.0; Win64; x64) AppleWebKit/537.36 (KHTML, like Gecko) Chrome/88.0.4324.182 Safari/537.36" DataSize=0 HostName=yu0u Ip="::1" Method=GET Path=/ SpendTime="3 ms" status=500
time="2021-02-24 12:33:14" level=error Agent="Mozilla/5.0 (Windows NT 10.0; Win64; x64) AppleWebKit/537.36 (KHTML, like Gecko) Chrome/88.0.4324.182 Safari/537.36" DataSize=0 HostName=yu0u Ip="::1" Method=GET Path=/ SpendTime="2 ms" status=500
time="2021-02-24 12:34:35" level=error Agent="Mozilla/5.0 (Windows NT 10.0; Win64; x64) AppleWebKit/537.36 (KHTML, like Gecko) Chrome/88.0.4324.182 Safari/537.36" DataSize=0 HostName=yu0u Ip="::1" Method=GET Path=/ SpendTime="13 ms" status=500
time="2021-02-24 12:34:58" level=error Agent="Mozilla/5.0 (Windows NT 10.0; Win64; x64) AppleWebKit/537.36 (KHTML, like Gecko) Chrome/88.0.4324.182 Safari/537.36" DataSize=0 HostName=yu0u Ip="::1" Method=GET Path=/admin SpendTime="3 ms" status=500
time="2021-02-24 12:36:01" level=error Agent="Mozilla/5.0 (Windows NT 10.0; Win64; x64) AppleWebKit/537.36 (KHTML, like Gecko) Chrome/88.0.4324.182 Safari/537.36" DataSize=0 HostName=yu0u Ip="::1" Method=GET Path=/admin SpendTime="14 ms" status=500
time="2021-02-24 12:36:05" level=error Agent="Mozilla/5.0 (Windows NT 10.0; Win64; x64) AppleWebKit/537.36 (KHTML, like Gecko) Chrome/88.0.4324.182 Safari/537.36" DataSize=0 HostName=yu0u Ip="::1" Method=GET Path=/ SpendTime="3 ms" status=500
time="2021-02-24 12:36:07" level=error Agent="Mozilla/5.0 (Windows NT 10.0; Win64; x64) AppleWebKit/537.36 (KHTML, like Gecko) Chrome/88.0.4324.182 Safari/537.36" DataSize=0 HostName=yu0u Ip="::1" Method=GET Path=/ SpendTime="3 ms" status=500
time="2021-02-24 12:36:33" level=error Agent="Mozilla/5.0 (Windows NT 10.0; Win64; x64) AppleWebKit/537.36 (KHTML, like Gecko) Chrome/88.0.4324.182 Safari/537.36" DataSize=0 HostName=yu0u Ip="::1" Method=GET Path=/ SpendTime="3 ms" status=500
time="2021-02-24 12:36:34" level=error Agent="Mozilla/5.0 (Windows NT 10.0; Win64; x64) AppleWebKit/537.36 (KHTML, like Gecko) Chrome/88.0.4324.182 Safari/537.36" DataSize=0 HostName=yu0u Ip="::1" Method=GET Path=/ SpendTime="2 ms" status=500
time="2021-02-24 16:02:10" level=info Agent="Mozilla/5.0 (Windows NT 10.0; Win64; x64) AppleWebKit/537.36 (KHTML, like Gecko) Chrome/88.0.4324.182 Safari/537.36" DataSize=1260 HostName=yu0u Ip="::1" Method=GET Path=/ SpendTime="1 ms" status=200
time="2021-02-24 16:02:10" level=info Agent="Mozilla/5.0 (Windows NT 10.0; Win64; x64) AppleWebKit/537.36 (KHTML, like Gecko) Chrome/88.0.4324.182 Safari/537.36" DataSize=149 HostName=yu0u Ip="::1" Method=GET Path=/static/css/app.9596dbe2.css SpendTime="85 ms" status=200
time="2021-02-24 16:02:10" level=info Agent="Mozilla/5.0 (Windows NT 10.0; Win64; x64) AppleWebKit/537.36 (KHTML, like Gecko) Chrome/88.0.4324.182 Safari/537.36" DataSize=31605 HostName=yu0u Ip="::1" Method=GET Path=/static/js/app.3db96943.js SpendTime="66 ms" status=200
time="2021-02-24 16:02:10" level=info Agent="Mozilla/5.0 (Windows NT 10.0; Win64; x64) AppleWebKit/537.36 (KHTML, like Gecko) Chrome/88.0.4324.182 Safari/537.36" DataSize=388492 HostName=yu0u Ip="::1" Method=GET Path=/static/css/chunk-vendors.428260f1.css SpendTime="84 ms" status=200
time="2021-02-24 16:02:10" level=info Agent="Mozilla/5.0 (Windows NT 10.0; Win64; x64) AppleWebKit/537.36 (KHTML, like Gecko) Chrome/88.0.4324.182 Safari/537.36" DataSize=688597 HostName=yu0u Ip="::1" Method=GET Path=/static/js/chunk-vendors.4236fbce.js SpendTime="67 ms" status=200
time="2021-02-24 16:02:10" level=info Agent="Mozilla/5.0 (Windows NT 10.0; Win64; x64) AppleWebKit/537.36 (KHTML, like Gecko) Chrome/88.0.4324.182 Safari/537.36" DataSize=11719 HostName=yu0u Ip="::1" Method=GET Path=/static/img/logo.f117d35e.png SpendTime="0 ms" status=200
time="2021-02-24 16:02:10" level=warning Agent="Mozilla/5.0 (Windows NT 10.0; Win64; x64) AppleWebKit/537.36 (KHTML, like Gecko) Chrome/88.0.4324.182 Safari/537.36" DataSize=0 HostName=yu0u Ip="::1" Method=GET Path=/api/v1/category SpendTime="0 ms" status=404
time="2021-02-24 16:02:10" level=warning Agent="Mozilla/5.0 (Windows NT 10.0; Win64; x64) AppleWebKit/537.36 (KHTML, like Gecko) Chrome/88.0.4324.182 Safari/537.36" DataSize=0 HostName=yu0u Ip="::1" Method=GET Path=/api/v1/profile/1 SpendTime="0 ms" status=404
time="2021-02-24 16:02:10" level=warning Agent="Mozilla/5.0 (Windows NT 10.0; Win64; x64) AppleWebKit/537.36 (KHTML, like Gecko) Chrome/88.0.4324.182 Safari/537.36" DataSize=0 HostName=yu0u Ip="::1" Method=GET Path="/api/v1/article?pagesize=5&pagenum=1" SpendTime="0 ms" status=404
time="2021-02-24 16:02:10" level=info Agent="Mozilla/5.0 (Windows NT 10.0; Win64; x64) AppleWebKit/537.36 (KHTML, like Gecko) Chrome/88.0.4324.182 Safari/537.36" DataSize=105101 HostName=yu0u Ip="::1" Method=GET Path=/static/js/app.3db96943.js.map SpendTime="0 ms" status=200
time="2021-02-24 16:02:10" level=info Agent="Mozilla/5.0 (Windows NT 10.0; Win64; x64) AppleWebKit/537.36 (KHTML, like Gecko) Chrome/88.0.4324.182 Safari/537.36" DataSize=2380305 HostName=yu0u Ip="::1" Method=GET Path=/static/js/chunk-vendors.4236fbce.js.map SpendTime="4 ms" status=200
time="2021-02-24 16:02:10" level=info Agent="Mozilla/5.0 (Windows NT 10.0; Win64; x64) AppleWebKit/537.36 (KHTML, like Gecko) Chrome/88.0.4324.182 Safari/537.36" DataSize=9662 HostName=yu0u Ip="::1" Method=GET Path=/favicon.ico SpendTime="0 ms" status=200
time="2021-02-24 16:02:27" level=info Agent="Mozilla/5.0 (Windows NT 10.0; Win64; x64) AppleWebKit/537.36 (KHTML, like Gecko) Chrome/88.0.4324.182 Safari/537.36" DataSize=1679 HostName=yu0u Ip="::1" Method=GET Path=/admin SpendTime="1 ms" status=200
time="2021-02-24 16:02:27" level=info Agent="Mozilla/5.0 (Windows NT 10.0; Win64; x64) AppleWebKit/537.36 (KHTML, like Gecko) Chrome/88.0.4324.182 Safari/537.36" DataSize=138 HostName=yu0u Ip="::1" Method=GET Path=/admin/css/app.33862a5a.css SpendTime="1 ms" status=200
time="2021-02-24 16:02:27" level=info Agent="Mozilla/5.0 (Windows NT 10.0; Win64; x64) AppleWebKit/537.36 (KHTML, like Gecko) Chrome/88.0.4324.182 Safari/537.36" DataSize=276700 HostName=yu0u Ip="::1" Method=GET Path=/admin/css/chunk-vendors.e6a9c8b4.css SpendTime="1 ms" status=200
time="2021-02-24 16:02:27" level=info Agent="Mozilla/5.0 (Windows NT 10.0; Win64; x64) AppleWebKit/537.36 (KHTML, like Gecko) Chrome/88.0.4324.182 Safari/537.36" DataSize=60910 HostName=yu0u Ip="::1" Method=GET Path=/admin/css/AddArt.ad4be8f9.css SpendTime="1 ms" status=200
time="2021-02-24 16:02:27" level=info Agent="Mozilla/5.0 (Windows NT 10.0; Win64; x64) AppleWebKit/537.36 (KHTML, like Gecko) Chrome/88.0.4324.182 Safari/537.36" DataSize=166 HostName=yu0u Ip="::1" Method=GET Path=/admin/css/ArtList.017acab0.css SpendTime="1 ms" status=200
time="2021-02-24 16:02:27" level=info Agent="Mozilla/5.0 (Windows NT 10.0; Win64; x64) AppleWebKit/537.36 (KHTML, like Gecko) Chrome/88.0.4324.182 Safari/537.36" DataSize=397 HostName=yu0u Ip="::1" Method=GET Path=/admin/css/Admin.dbc7ac39.css SpendTime="1 ms" status=200
time="2021-02-24 16:02:27" level=info Agent="Mozilla/5.0 (Windows NT 10.0; Win64; x64) AppleWebKit/537.36 (KHTML, like Gecko) Chrome/88.0.4324.182 Safari/537.36" DataSize=65 HostName=yu0u Ip="::1" Method=GET Path=/admin/css/CateList.51201d2b.css SpendTime="0 ms" status=200
time="2021-02-24 16:02:27" level=info Agent="Mozilla/5.0 (Windows NT 10.0; Win64; x64) AppleWebKit/537.36 (KHTML, like Gecko) Chrome/88.0.4324.182 Safari/537.36" DataSize=393 HostName=yu0u Ip="::1" Method=GET Path=/admin/css/Login.f0c692fa.css SpendTime="1 ms" status=200
time="2021-02-24 16:02:27" level=info Agent="Mozilla/5.0 (Windows NT 10.0; Win64; x64) AppleWebKit/537.36 (KHTML, like Gecko) Chrome/88.0.4324.182 Safari/537.36" DataSize=65 HostName=yu0u Ip="::1" Method=GET Path=/admin/css/UserList.a70f2508.css SpendTime="1 ms" status=200
time="2021-02-24 16:02:27" level=info Agent="Mozilla/5.0 (Windows NT 10.0; Win64; x64) AppleWebKit/537.36 (KHTML, like Gecko) Chrome/88.0.4324.182 Safari/537.36" DataSize=14388 HostName=yu0u Ip="::1" Method=GET Path="/admin/js/AddArt~ArtList~CateList~UserList.44446ca2.js" SpendTime="1 ms" status=200
time="2021-02-24 16:02:27" level=info Agent="Mozilla/5.0 (Windows NT 10.0; Win64; x64) AppleWebKit/537.36 (KHTML, like Gecko) Chrome/88.0.4324.182 Safari/537.36" DataSize=2958 HostName=yu0u Ip="::1" Method=GET Path=/admin/js/Admin.a5f8c99f.js SpendTime="1 ms" status=200
time="2021-02-24 16:02:27" level=info Agent="Mozilla/5.0 (Windows NT 10.0; Win64; x64) AppleWebKit/537.36 (KHTML, like Gecko) Chrome/88.0.4324.182 Safari/537.36" DataSize=6872 HostName=yu0u Ip="::1" Method=GET Path=/admin/js/ArtList.0c210363.js SpendTime="0 ms" status=200
time="2021-02-24 16:02:27" level=info Agent="Mozilla/5.0 (Windows NT 10.0; Win64; x64) AppleWebKit/537.36 (KHTML, like Gecko) Chrome/88.0.4324.182 Safari/537.36" DataSize=12318 HostName=yu0u Ip="::1" Method=GET Path=/admin/js/app.6eab9526.js SpendTime="0 ms" status=200
time="2021-02-24 16:02:27" level=info Agent="Mozilla/5.0 (Windows NT 10.0; Win64; x64) AppleWebKit/537.36 (KHTML, like Gecko) Chrome/88.0.4324.182 Safari/537.36" DataSize=1236316 HostName=yu0u Ip="::1" Method=GET Path=/admin/js/AddArt.7429547f.js SpendTime="5 ms" status=200
time="2021-02-24 16:02:27" level=info Agent="Mozilla/5.0 (Windows NT 10.0; Win64; x64) AppleWebKit/537.36 (KHTML, like Gecko) Chrome/88.0.4324.182 Safari/537.36" DataSize=1475337 HostName=yu0u Ip="::1" Method=GET Path=/admin/js/chunk-vendors.d6153657.js SpendTime="4 ms" status=200
time="2021-02-24 16:02:27" level=info Agent="Mozilla/5.0 (Windows NT 10.0; Win64; x64) AppleWebKit/537.36 (KHTML, like Gecko) Chrome/88.0.4324.182 Safari/537.36" DataSize=8106 HostName=yu0u Ip="::1" Method=GET Path=/admin/js/CateList.6427acf5.js SpendTime="1 ms" status=200
time="2021-02-24 16:02:27" level=info Agent="Mozilla/5.0 (Windows NT 10.0; Win64; x64) AppleWebKit/537.36 (KHTML, like Gecko) Chrome/88.0.4324.182 Safari/537.36" DataSize=450 HostName=yu0u Ip="::1" Method=GET Path=/admin/js/Index.61fdd498.js SpendTime="1 ms" status=200
time="2021-02-24 16:02:27" level=info Agent="Mozilla/5.0 (Windows NT 10.0; Win64; x64) AppleWebKit/537.36 (KHTML, like Gecko) Chrome/88.0.4324.182 Safari/537.36" DataSize=25159 HostName=yu0u Ip="::1" Method=GET Path=/admin/js/UserList.8872f40f.js SpendTime="0 ms" status=200
time="2021-02-24 16:02:27" level=info Agent="Mozilla/5.0 (Windows NT 10.0; Win64; x64) AppleWebKit/537.36 (KHTML, like Gecko) Chrome/88.0.4324.182 Safari/537.36" DataSize=9462 HostName=yu0u Ip="::1" Method=GET Path=/admin/js/Login.3acf2e42.js SpendTime="2 ms" status=200
time="2021-02-24 16:02:28" level=info Agent="Mozilla/5.0 (Windows NT 10.0; Win64; x64) AppleWebKit/537.36 (KHTML, like Gecko) Chrome/88.0.4324.182 Safari/537.36" DataSize=9662 HostName=yu0u Ip="::1" Method=GET Path=/admin/favicon.ico SpendTime="1 ms" status=200
time="2021-02-24 16:02:39" level=info Agent="Mozilla/5.0 (Windows NT 10.0; Win64; x64) AppleWebKit/537.36 (KHTML, like Gecko) Chrome/88.0.4324.182 Safari/537.36" DataSize=37313 HostName=yu0u Ip="::1" Method=GET Path=/admin/js/app.6eab9526.js.map SpendTime="0 ms" status=200
time="2021-02-24 16:02:39" level=info Agent="Mozilla/5.0 (Windows NT 10.0; Win64; x64) AppleWebKit/537.36 (KHTML, like Gecko) Chrome/88.0.4324.182 Safari/537.36" DataSize=16694 HostName=yu0u Ip="::1" Method=GET Path=/admin/js/Admin.a5f8c99f.js.map SpendTime="1 ms" status=200
time="2021-02-24 16:02:39" level=info Agent="Mozilla/5.0 (Windows NT 10.0; Win64; x64) AppleWebKit/537.36 (KHTML, like Gecko) Chrome/88.0.4324.182 Safari/537.36" DataSize=45740 HostName=yu0u Ip="::1" Method=GET Path=/admin/js/Login.3acf2e42.js.map SpendTime="0 ms" status=200
time="2021-02-24 16:02:39" level=info Agent="Mozilla/5.0 (Windows NT 10.0; Win64; x64) AppleWebKit/537.36 (KHTML, like Gecko) Chrome/88.0.4324.182 Safari/537.36" DataSize=4375120 HostName=yu0u Ip="::1" Method=GET Path=/admin/js/chunk-vendors.d6153657.js.map SpendTime="9 ms" status=200
